<?xml version="1.0" encoding="UTF-8"?>
<!-- Generated by org.testng.reporters.JUnitXMLReporter -->
<testsuite ignored="0" hostname="DELL-3543" failures="0" tests="4" name="Test-Runner-Opera" time="63.137" errors="0" timestamp="2021-08-24T17:07:19 IST">
  <testcase classname="com.vtiger.comcast.genericUtility.BaseClass" name="@BeforeClass ConfigBCTest" time="62.654">
    <failure type="org.openqa.selenium.WebDriverException" message="unknown error: DevToolsActivePort file doesn&amp;apos;t exist
  (Driver info: operadriver=91.0.4472.77 (1cecd5c8a856bc2a5adda436e7b84d8d21b339b6-refs/branch-heads/4472@{#1246}),platform=Windows NT 6.1.7601 SP1 x86_64) (WARNING: The server did not provide any stacktrace information)
Command duration or timeout: 60.87 seconds
Build info: version: &amp;apos;3.141.59&amp;apos;, revision: &amp;apos;e82be7d358&amp;apos;, time: &amp;apos;2018-11-14T08:17:03&amp;apos;
System info: host: &amp;apos;DELL-3543&amp;apos;, ip: &amp;apos;192.168.199.1&amp;apos;, os.name: &amp;apos;Windows 7&amp;apos;, os.arch: &amp;apos;amd64&amp;apos;, os.version: &amp;apos;6.1&amp;apos;, java.version: &amp;apos;15.0.2&amp;apos;
Driver info: driver.version: OperaDriver">
      <![CDATA[org.openqa.selenium.WebDriverException: unknown error: DevToolsActivePort file doesn't exist
  (Driver info: operadriver=91.0.4472.77 (1cecd5c8a856bc2a5adda436e7b84d8d21b339b6-refs/branch-heads/4472@{#1246}),platform=Windows NT 6.1.7601 SP1 x86_64) (WARNING: The server did not provide any stacktrace information)
Command duration or timeout: 60.87 seconds
Build info: version: '3.141.59', revision: 'e82be7d358', time: '2018-11-14T08:17:03'
System info: host: 'DELL-3543', ip: '192.168.199.1', os.name: 'Windows 7', os.arch: 'amd64', os.version: '6.1', java.version: '15.0.2'
Driver info: driver.version: OperaDriver
at org.openqa.selenium.remote.ErrorHandler.createThrowable(ErrorHandler.java:214)
at org.openqa.selenium.remote.ErrorHandler.throwIfResponseFailed(ErrorHandler.java:166)
at org.openqa.selenium.remote.JsonWireProtocolResponse.lambda$errorHandler$0(JsonWireProtocolResponse.java:54)
at org.openqa.selenium.remote.HandshakeResponse.lambda$getResponseFunction$0(HandshakeResponse.java:30)
at org.openqa.selenium.remote.ProtocolHandshake.lambda$createSession$0(ProtocolHandshake.java:126)
at java.base/java.util.stream.ReferencePipeline$3$1.accept(ReferencePipeline.java:195)
at java.base/java.util.Spliterators$ArraySpliterator.tryAdvance(Spliterators.java:958)
at java.base/java.util.stream.ReferencePipeline.forEachWithCancel(ReferencePipeline.java:127)
at java.base/java.util.stream.AbstractPipeline.copyIntoWithCancel(AbstractPipeline.java:502)
at java.base/java.util.stream.AbstractPipeline.copyInto(AbstractPipeline.java:488)
at java.base/java.util.stream.AbstractPipeline.wrapAndCopyInto(AbstractPipeline.java:474)
at java.base/java.util.stream.FindOps$FindOp.evaluateSequential(FindOps.java:150)
at java.base/java.util.stream.AbstractPipeline.evaluate(AbstractPipeline.java:234)
at java.base/java.util.stream.ReferencePipeline.findFirst(ReferencePipeline.java:543)
at org.openqa.selenium.remote.ProtocolHandshake.createSession(ProtocolHandshake.java:128)
at org.openqa.selenium.remote.ProtocolHandshake.createSession(ProtocolHandshake.java:74)
at org.openqa.selenium.remote.HttpCommandExecutor.execute(HttpCommandExecutor.java:136)
at org.openqa.selenium.remote.service.DriverCommandExecutor.execute(DriverCommandExecutor.java:83)
at org.openqa.selenium.remote.RemoteWebDriver.execute(RemoteWebDriver.java:552)
at org.openqa.selenium.remote.RemoteWebDriver.startSession(RemoteWebDriver.java:213)
at org.openqa.selenium.remote.RemoteWebDriver.<init>(RemoteWebDriver.java:131)
at org.openqa.selenium.opera.OperaDriver.<init>(OperaDriver.java:173)
at org.openqa.selenium.opera.OperaDriver.<init>(OperaDriver.java:160)
at org.openqa.selenium.opera.OperaDriver.<init>(OperaDriver.java:115)
at com.vtiger.comcast.genericUtility.BaseClass.ConfigBCTest(BaseClass.java:44)
at java.base/java.util.ArrayList.forEach(ArrayList.java:1511)
at java.base/java.util.concurrent.FutureTask.run(FutureTask.java:264)
at java.base/java.util.concurrent.ThreadPoolExecutor.runWorker(ThreadPoolExecutor.java:1130)
at java.base/java.util.concurrent.ThreadPoolExecutor$Worker.run(ThreadPoolExecutor.java:630)
at java.base/java.lang.Thread.run(Thread.java:832)
... Removed 21 stack frames]]>
    </failure>
  </testcase> <!-- @BeforeClass ConfigBCTest -->
  <testcase classname="com.vtiger.comcast.genericUtility.BaseClass" name="@BeforeMethod ConfigBMTest" time="-1.629805038995E9">
    <skipped/>
  </testcase> <!-- @BeforeMethod ConfigBMTest -->
  <testcase classname="com.vtiger.comcast.genericUtility.BaseClass" name="@AfterMethod ConfigAMTest" time="-1.629805039056E9">
    <skipped/>
  </testcase> <!-- @AfterMethod ConfigAMTest -->
  <testcase classname="com.vtiger.comcast.genericUtility.BaseClass" name="@BeforeMethod ConfigBMTest" time="-1.629805039062E9">
    <skipped/>
  </testcase> <!-- @BeforeMethod ConfigBMTest -->
  <testcase classname="com.vtiger.comcast.genericUtility.BaseClass" name="@AfterMethod ConfigAMTest" time="-1.629805039116E9">
    <skipped/>
  </testcase> <!-- @AfterMethod ConfigAMTest -->
  <testcase classname="com.vtiger.comcast.genericUtility.BaseClass" name="@BeforeMethod ConfigBMTest" time="-1.629805039242E9">
    <skipped/>
  </testcase> <!-- @BeforeMethod ConfigBMTest -->
  <testcase classname="com.vtiger.comcast.genericUtility.BaseClass" name="@AfterMethod ConfigAMTest" time="-1.629805039258E9">
    <skipped/>
  </testcase> <!-- @AfterMethod ConfigAMTest -->
  <testcase classname="com.vtiger.comcast.genericUtility.BaseClass" name="@BeforeMethod ConfigBMTest" time="-1.629805039275E9">
    <skipped/>
  </testcase> <!-- @BeforeMethod ConfigBMTest -->
  <testcase classname="com.vtiger.comcast.genericUtility.BaseClass" name="@AfterMethod ConfigAMTest" time="-1.629805039302E9">
    <skipped/>
  </testcase> <!-- @AfterMethod ConfigAMTest -->
  <testcase classname="com.vtiger.comcast.genericUtility.BaseClass" name="@AfterClass ConfigAC" time="-1.629805039307E9">
    <skipped/>
  </testcase> <!-- @AfterClass ConfigAC -->
  <testcase classname="com.vtiger.comcast.contactstest.CreateContactsWithRefCheckBoxEnabled" name="CreateContWithNotify" time="0.0">
    <skipped/>
  </testcase> <!-- CreateContWithNotify -->
  <testcase classname="com.vtiger.comcast.contactstest.CreateContactsWithRefCheckBoxEnabled" name="CreateContWithPortal" time="0.0">
    <skipped/>
  </testcase> <!-- CreateContWithPortal -->
  <testcase classname="com.vtiger.comcast.contactstest.CreateContactsWithRefCheckBoxEnabled" name="CreateContWithReference" time="0.0">
    <skipped/>
  </testcase> <!-- CreateContWithReference -->
  <testcase classname="com.vtiger.comcast.contactstest.CreateContactsWithRefCheckBoxEnabled" name="CreateContactsSaveEnabledTest" time="0.0">
    <skipped/>
  </testcase> <!-- CreateContactsSaveEnabledTest -->
</testsuite> <!-- Test-Runner-Opera -->
